[[1;34mINFO[m] Scanning for projects...
[[1;34mINFO[m] 
[[1;34mINFO[m] [1m------------------------------------------------------------------------[m
[[1;34mINFO[m] [1mBuilding Paintera-Conversion-Helper 0.0.1-SNAPSHOT[m
[[1;34mINFO[m] [1m------------------------------------------------------------------------[m
[[1;34mINFO[m] 
[[1;34mINFO[m] [1m--- [0;32mmaven-dependency-plugin:3.0.0:tree[m [1m(default-cli)[m @ [36mpaintera-conversion-helper[0;1m ---[m
Downloading from central: https://repo.maven.apache.org/maven2/org/apache/httpcomponents/httpcore/4.0.1/httpcore-4.0.1.pom
Downloaded from central: https://repo.maven.apache.org/maven2/org/apache/httpcomponents/httpcore/4.0.1/httpcore-4.0.1.pom (0 B at 0 B/s)
Downloading from central: https://repo.maven.apache.org/maven2/org/apache/httpcomponents/httpcomponents-core/4.0.1/httpcomponents-core-4.0.1.pom
Downloaded from central: https://repo.maven.apache.org/maven2/org/apache/httpcomponents/httpcomponents-core/4.0.1/httpcomponents-core-4.0.1.pom (0 B at 0 B/s)
Downloading from central: https://repo.maven.apache.org/maven2/org/apache/httpcomponents/project/4.0/project-4.0.pom
Downloaded from central: https://repo.maven.apache.org/maven2/org/apache/httpcomponents/project/4.0/project-4.0.pom (0 B at 0 B/s)
[[1;34mINFO[m] org.scijava:paintera-conversion-helper:jar:0.0.1-SNAPSHOT
[[1;34mINFO[m] +- info.picocli:picocli:jar:3.1.0:compile
[[1;34mINFO[m] \- org.scijava:n5-label-multisets-spark:jar:0.1.0-SNAPSHOT:compile
[[1;34mINFO[m]    +- org.apache.spark:spark-core_2.11:jar:2.1.0:compile
[[1;34mINFO[m]    |  +- org.apache.avro:avro-mapred:jar:hadoop2:1.7.7:compile
[[1;34mINFO[m]    |  |  +- org.apache.avro:avro-ipc:jar:1.7.7:compile
[[1;34mINFO[m]    |  |  |  \- org.apache.avro:avro:jar:1.7.7:compile
[[1;34mINFO[m]    |  |  +- org.apache.avro:avro-ipc:jar:tests:1.7.7:compile
[[1;34mINFO[m]    |  |  +- org.codehaus.jackson:jackson-core-asl:jar:1.9.13:compile
[[1;34mINFO[m]    |  |  \- org.codehaus.jackson:jackson-mapper-asl:jar:1.9.13:compile
[[1;34mINFO[m]    |  +- com.twitter:chill_2.11:jar:0.8.0:compile
[[1;34mINFO[m]    |  |  \- com.esotericsoftware:kryo-shaded:jar:3.0.3:compile
[[1;34mINFO[m]    |  |     +- com.esotericsoftware:minlog:jar:1.3.0:compile
[[1;34mINFO[m]    |  |     \- org.objenesis:objenesis:jar:2.1:compile
[[1;34mINFO[m]    |  +- com.twitter:chill-java:jar:0.8.0:compile
[[1;34mINFO[m]    |  +- org.apache.xbean:xbean-asm5-shaded:jar:4.4:compile
[[1;34mINFO[m]    |  +- org.apache.hadoop:hadoop-client:jar:2.2.0:compile
[[1;34mINFO[m]    |  |  +- org.apache.hadoop:hadoop-common:jar:2.2.0:compile
[[1;34mINFO[m]    |  |  |  +- commons-cli:commons-cli:jar:1.2:compile
[[1;34mINFO[m]    |  |  |  +- org.apache.commons:commons-math:jar:2.1:compile
[[1;34mINFO[m]    |  |  |  +- xmlenc:xmlenc:jar:0.52:compile
[[1;34mINFO[m]    |  |  |  +- commons-configuration:commons-configuration:jar:1.6:compile
[[1;34mINFO[m]    |  |  |  |  +- commons-collections:commons-collections:jar:3.2.1:compile
[[1;34mINFO[m]    |  |  |  |  +- commons-digester:commons-digester:jar:1.8:compile
[[1;34mINFO[m]    |  |  |  |  |  \- commons-beanutils:commons-beanutils:jar:1.7.0:compile
[[1;34mINFO[m]    |  |  |  |  \- commons-beanutils:commons-beanutils-core:jar:1.8.0:compile
[[1;34mINFO[m]    |  |  |  +- com.google.protobuf:protobuf-java:jar:2.5.0:compile
[[1;34mINFO[m]    |  |  |  \- org.apache.hadoop:hadoop-auth:jar:2.2.0:compile
[[1;34mINFO[m]    |  |  +- org.apache.hadoop:hadoop-hdfs:jar:2.2.0:compile
[[1;34mINFO[m]    |  |  |  \- org.mortbay.jetty:jetty-util:jar:6.1.26:compile
[[1;34mINFO[m]    |  |  +- org.apache.hadoop:hadoop-mapreduce-client-app:jar:2.2.0:compile
[[1;34mINFO[m]    |  |  |  +- org.apache.hadoop:hadoop-mapreduce-client-common:jar:2.2.0:compile
[[1;34mINFO[m]    |  |  |  |  +- org.apache.hadoop:hadoop-yarn-client:jar:2.2.0:compile
[[1;34mINFO[m]    |  |  |  |  |  \- com.google.inject:guice:jar:3.0:compile
[[1;34mINFO[m]    |  |  |  |  |     +- javax.inject:javax.inject:jar:1:compile
[[1;34mINFO[m]    |  |  |  |  |     \- aopalliance:aopalliance:jar:1.0:compile
[[1;34mINFO[m]    |  |  |  |  \- org.apache.hadoop:hadoop-yarn-server-common:jar:2.2.0:compile
[[1;34mINFO[m]    |  |  |  \- org.apache.hadoop:hadoop-mapreduce-client-shuffle:jar:2.2.0:compile
[[1;34mINFO[m]    |  |  +- org.apache.hadoop:hadoop-yarn-api:jar:2.2.0:compile
[[1;34mINFO[m]    |  |  +- org.apache.hadoop:hadoop-mapreduce-client-core:jar:2.2.0:compile
[[1;34mINFO[m]    |  |  |  \- org.apache.hadoop:hadoop-yarn-common:jar:2.2.0:compile
[[1;34mINFO[m]    |  |  +- org.apache.hadoop:hadoop-mapreduce-client-jobclient:jar:2.2.0:compile
[[1;34mINFO[m]    |  |  \- org.apache.hadoop:hadoop-annotations:jar:2.2.0:compile
[[1;34mINFO[m]    |  +- org.apache.spark:spark-launcher_2.11:jar:2.1.0:compile
[[1;34mINFO[m]    |  +- org.apache.spark:spark-network-common_2.11:jar:2.1.0:compile
[[1;34mINFO[m]    |  |  +- org.fusesource.leveldbjni:leveldbjni-all:jar:1.8:compile
[[1;34mINFO[m]    |  |  \- com.fasterxml.jackson.core:jackson-annotations:jar:2.6.5:compile
[[1;34mINFO[m]    |  +- org.apache.spark:spark-network-shuffle_2.11:jar:2.1.0:compile
[[1;34mINFO[m]    |  +- org.apache.spark:spark-unsafe_2.11:jar:2.1.0:compile
[[1;34mINFO[m]    |  +- net.java.dev.jets3t:jets3t:jar:0.7.1:compile
[[1;34mINFO[m]    |  |  +- commons-codec:commons-codec:jar:1.11:compile
[[1;34mINFO[m]    |  |  \- commons-httpclient:commons-httpclient:jar:3.1:compile
[[1;34mINFO[m]    |  +- org.apache.curator:curator-recipes:jar:2.4.0:compile
[[1;34mINFO[m]    |  |  +- org.apache.curator:curator-framework:jar:2.4.0:compile
[[1;34mINFO[m]    |  |  |  \- org.apache.curator:curator-client:jar:2.4.0:compile
[[1;34mINFO[m]    |  |  +- org.apache.zookeeper:zookeeper:jar:3.4.5:compile
[[1;34mINFO[m]    |  |  \- com.google.guava:guava:jar:21.0:compile
[[1;34mINFO[m]    |  +- javax.servlet:javax.servlet-api:jar:3.1.0:compile
[[1;34mINFO[m]    |  +- org.apache.commons:commons-lang3:jar:3.7:compile
[[1;34mINFO[m]    |  +- org.apache.commons:commons-math3:jar:3.6.1:compile
[[1;34mINFO[m]    |  +- com.google.code.findbugs:jsr305:jar:1.3.9:compile
[[1;34mINFO[m]    |  +- org.slf4j:jul-to-slf4j:jar:1.7.16:compile
[[1;34mINFO[m]    |  +- org.slf4j:jcl-over-slf4j:jar:1.7.16:compile
[[1;34mINFO[m]    |  +- log4j:log4j:jar:1.2.17:compile
[[1;34mINFO[m]    |  +- org.slf4j:slf4j-log4j12:jar:1.7.16:compile
[[1;34mINFO[m]    |  +- com.ning:compress-lzf:jar:1.0.3:compile
[[1;34mINFO[m]    |  +- org.xerial.snappy:snappy-java:jar:1.1.2.6:compile
[[1;34mINFO[m]    |  +- net.jpountz.lz4:lz4:jar:1.3.0:compile
[[1;34mINFO[m]    |  +- org.roaringbitmap:RoaringBitmap:jar:0.5.11:compile
[[1;34mINFO[m]    |  +- commons-net:commons-net:jar:2.2:compile
[[1;34mINFO[m]    |  +- org.scala-lang:scala-library:jar:2.11.8:compile
[[1;34mINFO[m]    |  +- org.json4s:json4s-jackson_2.11:jar:3.2.11:compile
[[1;34mINFO[m]    |  |  \- org.json4s:json4s-core_2.11:jar:3.2.11:compile
[[1;34mINFO[m]    |  |     +- org.json4s:json4s-ast_2.11:jar:3.2.11:compile
[[1;34mINFO[m]    |  |     +- com.thoughtworks.paranamer:paranamer:jar:2.6:compile
[[1;34mINFO[m]    |  |     \- org.scala-lang:scalap:jar:2.11.0:compile
[[1;34mINFO[m]    |  |        \- org.scala-lang:scala-compiler:jar:2.11.0:compile
[[1;34mINFO[m]    |  |           \- org.scala-lang.modules:scala-parser-combinators_2.11:jar:1.0.1:compile
[[1;34mINFO[m]    |  +- org.glassfish.jersey.core:jersey-client:jar:2.22.2:compile
[[1;34mINFO[m]    |  |  +- javax.ws.rs:javax.ws.rs-api:jar:2.0.1:compile
[[1;34mINFO[m]    |  |  +- org.glassfish.hk2:hk2-api:jar:2.4.0-b34:compile
[[1;34mINFO[m]    |  |  |  +- org.glassfish.hk2:hk2-utils:jar:2.4.0-b34:compile
[[1;34mINFO[m]    |  |  |  \- org.glassfish.hk2.external:aopalliance-repackaged:jar:2.4.0-b34:compile
[[1;34mINFO[m]    |  |  +- org.glassfish.hk2.external:javax.inject:jar:2.4.0-b34:compile
[[1;34mINFO[m]    |  |  \- org.glassfish.hk2:hk2-locator:jar:2.4.0-b34:compile
[[1;34mINFO[m]    |  |     \- org.javassist:javassist:jar:3.22.0-GA:compile
[[1;34mINFO[m]    |  +- org.glassfish.jersey.core:jersey-common:jar:2.22.2:compile
[[1;34mINFO[m]    |  |  +- javax.annotation:javax.annotation-api:jar:1.2:compile
[[1;34mINFO[m]    |  |  +- org.glassfish.jersey.bundles.repackaged:jersey-guava:jar:2.22.2:compile
[[1;34mINFO[m]    |  |  \- org.glassfish.hk2:osgi-resource-locator:jar:1.0.1:compile
[[1;34mINFO[m]    |  +- org.glassfish.jersey.core:jersey-server:jar:2.22.2:compile
[[1;34mINFO[m]    |  |  +- org.glassfish.jersey.media:jersey-media-jaxb:jar:2.22.2:compile
[[1;34mINFO[m]    |  |  \- javax.validation:validation-api:jar:1.1.0.Final:compile
[[1;34mINFO[m]    |  +- org.glassfish.jersey.containers:jersey-container-servlet:jar:2.22.2:compile
[[1;34mINFO[m]    |  +- org.glassfish.jersey.containers:jersey-container-servlet-core:jar:2.22.2:compile
[[1;34mINFO[m]    |  +- io.netty:netty-all:jar:4.0.42.Final:compile
[[1;34mINFO[m]    |  +- io.netty:netty:jar:3.8.0.Final:compile
[[1;34mINFO[m]    |  +- com.clearspring.analytics:stream:jar:2.7.0:compile
[[1;34mINFO[m]    |  +- io.dropwizard.metrics:metrics-core:jar:3.1.2:compile
[[1;34mINFO[m]    |  +- io.dropwizard.metrics:metrics-jvm:jar:3.1.2:compile
[[1;34mINFO[m]    |  +- io.dropwizard.metrics:metrics-json:jar:3.1.2:compile
[[1;34mINFO[m]    |  +- io.dropwizard.metrics:metrics-graphite:jar:3.1.2:compile
[[1;34mINFO[m]    |  +- com.fasterxml.jackson.core:jackson-databind:jar:2.6.5:compile
[[1;34mINFO[m]    |  |  \- com.fasterxml.jackson.core:jackson-core:jar:2.6.5:compile
[[1;34mINFO[m]    |  +- com.fasterxml.jackson.module:jackson-module-scala_2.11:jar:2.6.5:compile
[[1;34mINFO[m]    |  |  +- org.scala-lang:scala-reflect:jar:2.11.7:compile
[[1;34mINFO[m]    |  |  \- com.fasterxml.jackson.module:jackson-module-paranamer:jar:2.6.5:compile
[[1;34mINFO[m]    |  +- org.apache.ivy:ivy:jar:2.4.0:compile
[[1;34mINFO[m]    |  +- oro:oro:jar:2.0.8:compile
[[1;34mINFO[m]    |  +- net.razorvine:pyrolite:jar:4.13:compile
[[1;34mINFO[m]    |  +- net.sf.py4j:py4j:jar:0.10.4:compile
[[1;34mINFO[m]    |  +- org.apache.spark:spark-tags_2.11:jar:2.1.0:compile
[[1;34mINFO[m]    |  |  \- org.scalatest:scalatest_2.11:jar:2.2.6:compile
[[1;34mINFO[m]    |  |     \- org.scala-lang.modules:scala-xml_2.11:jar:1.0.2:compile
[[1;34mINFO[m]    |  +- org.apache.commons:commons-crypto:jar:1.0.0:compile
[[1;34mINFO[m]    |  \- org.spark-project.spark:unused:jar:1.0.0:compile
[[1;34mINFO[m]    +- net.imglib2:imglib2:jar:4.6.0:compile
[[1;34mINFO[m]    +- net.imglib2:imglib2-cache:jar:1.0.0-beta-7:compile
[[1;34mINFO[m]    |  \- com.github.ben-manes.caffeine:caffeine:jar:2.4.0:compile
[[1;34mINFO[m]    +- net.imglib2:imglib2-algorithm:jar:0.8.1:compile
[[1;34mINFO[m]    |  +- net.imglib2:imglib2-roi:jar:0.4.7:compile
[[1;34mINFO[m]    |  +- net.imglib2:imglib2-realtransform:jar:2.0.0-beta-38:compile
[[1;34mINFO[m]    |  |  \- jitk:jitk-tps:jar:3.0.0:compile
[[1;34mINFO[m]    |  |     \- com.googlecode.efficient-java-matrix-library:ejml:jar:0.24:compile
[[1;34mINFO[m]    |  +- net.imagej:imagej-common:jar:0.24.9:compile
[[1;34mINFO[m]    |  |  \- edu.ucar:udunits:jar:4.3.18:compile
[[1;34mINFO[m]    |  +- gov.nist.math:jama:jar:1.0.3:compile
[[1;34mINFO[m]    |  +- net.sf.trove4j:trove4j:jar:3.0.3:compile
[[1;34mINFO[m]    |  \- org.ojalgo:ojalgo:jar:43.0:compile
[[1;34mINFO[m]    +- org.janelia.saalfeldlab:n5:jar:2.0.1:compile
[[1;34mINFO[m]    |  +- org.tukaani:xz:jar:1.6:compile
[[1;34mINFO[m]    |  +- org.apache.commons:commons-compress:jar:1.14:compile
[[1;34mINFO[m]    |  +- com.google.code.gson:gson:jar:2.8.2:compile
[[1;34mINFO[m]    |  \- org.scijava:scijava-common:jar:2.69.0:compile
[[1;34mINFO[m]    |     +- org.scijava:parsington:jar:1.0.1:compile
[[1;34mINFO[m]    |     +- com.googlecode.gentyref:gentyref:jar:1.1.0:compile
[[1;34mINFO[m]    |     \- org.bushe:eventbus:jar:1.4:compile
[[1;34mINFO[m]    +- org.janelia.saalfeldlab:n5-imglib2:jar:2.0.0:compile
[[1;34mINFO[m]    |  +- args4j:args4j:jar:2.33:compile
[[1;34mINFO[m]    |  +- sc.fiji:bigdataviewer-core:jar:4.3.1:compile
[[1;34mINFO[m]    |  |  +- net.imglib2:imglib2-ui:jar:2.0.0-beta-33:compile
[[1;34mINFO[m]    |  |  +- sc.fiji:spim_data:jar:2.2.1:compile
[[1;34mINFO[m]    |  |  +- org.jdom:jdom2:jar:2.0.6:compile
[[1;34mINFO[m]    |  |  \- org.scijava:ui-behaviour:jar:1.3.0:compile
[[1;34mINFO[m]    |  |     \- org.yaml:snakeyaml:jar:1.13:compile
[[1;34mINFO[m]    |  \- sc.fiji:bigdataviewer-vistools:jar:1.0.0-beta-8:compile
[[1;34mINFO[m]    +- org.janelia.saalfeldlab:n5-hdf5:jar:1.0.2:compile
[[1;34mINFO[m]    |  \- cisd:jhdf5:jar:14.12.6:compile
[[1;34mINFO[m]    |     +- commons-lang:commons-lang:jar:2.4:compile
[[1;34mINFO[m]    |     \- commons-io:commons-io:jar:2.6:compile
[[1;34mINFO[m]    +- org.janelia.saalfeldlab:n5-label-multisets:jar:0.1.0:compile
[[1;34mINFO[m]    \- org.slf4j:slf4j-api:jar:1.7.25:compile
[[1;34mINFO[m] [1m------------------------------------------------------------------------[m
[[1;34mINFO[m] [1;32mBUILD SUCCESS[m
[[1;34mINFO[m] [1m------------------------------------------------------------------------[m
[[1;34mINFO[m] Total time: 1.564 s
[[1;34mINFO[m] Finished at: 2018-06-18T18:56:44-04:00
[[1;34mINFO[m] Final Memory: 29M/160M
[[1;34mINFO[m] [1m------------------------------------------------------------------------[m
